<?xml version="1.0" encoding="UTF-8"?>
<!-- Generated by org.testng.reporters.JUnitReportReporter -->
<testsuite skipped="0" hostname="IN-GTC-1402" name="com.qlm.qa.testcases.APQPProjectCreatePageTest" tests="2" failures="0" timestamp="09 Dec 2019 15:07:34 GMT" time="117.050" errors="0">
  <testcase name="validatAPQPProjectCreatePageTestTitleTest" time="41.804" classname="com.qlm.qa.testcases.APQPProjectCreatePageTest"/>
  <testcase name="validateCreateAPQPProject" time="75.246" classname="com.qlm.qa.testcases.APQPProjectCreatePageTest"/>
</testsuite> <!-- com.qlm.qa.testcases.APQPProjectCreatePageTest -->
