<?xml version="1.0" encoding="UTF-8"?>
<!-- Generated by org.testng.reporters.JUnitReportReporter -->
<testsuite skipped="0" hostname="IN-GTC-1402" name="com.qlm.qa.testcases.PPAPAmendPageTest" tests="3" failures="0" timestamp="22 Nov 2019 11:29:33 GMT" time="131.378" errors="0">
  <testcase name="validatePPAPSubmit" time="45.742" classname="com.qlm.qa.testcases.PPAPAmendPageTest"/>
  <testcase name="validatePPAPReview" time="43.859" classname="com.qlm.qa.testcases.PPAPAmendPageTest"/>
  <testcase name="validatePPAPApprove" time="41.777" classname="com.qlm.qa.testcases.PPAPAmendPageTest"/>
</testsuite> <!-- com.qlm.qa.testcases.PPAPAmendPageTest -->
