<?xml version="1.0" encoding="UTF-8"?>
<!-- Generated by org.testng.reporters.JUnitReportReporter -->
<testsuite skipped="0" hostname="IN-GTC-1402" name="com.qlm.qa.testcases.EightDisciplineAmendPageTest" tests="1" failures="0" timestamp="30 Mar 2020 11:32:17 GMT" time="57.446" errors="0">
  <testcase name="validateD4CustmrAcceptorRejectStep" time="57.446" classname="com.qlm.qa.testcases.EightDisciplineAmendPageTest"/>
</testsuite> <!-- com.qlm.qa.testcases.EightDisciplineAmendPageTest -->
