<?xml version="1.0" encoding="UTF-8"?>
<!-- Generated by org.testng.reporters.JUnitReportReporter -->
<testsuite skipped="0" hostname="IN-GTC-1402" name="com.qlm.qa.testcases.HomePageTest" tests="3" failures="0" timestamp="14 Nov 2019 13:35:47 GMT" time="83.258" errors="0">
  <testcase name="homePageTitleTest" time="26.656" classname="com.qlm.qa.testcases.HomePageTest"/>
  <testcase name="verifyUserNameTest" time="27.774" classname="com.qlm.qa.testcases.HomePageTest"/>
  <testcase name="clickOnPPAPTemplateTest" time="28.828" classname="com.qlm.qa.testcases.HomePageTest"/>
</testsuite> <!-- com.qlm.qa.testcases.HomePageTest -->
