<?xml version="1.0" encoding="UTF-8"?>
<!-- Generated by org.testng.reporters.JUnitReportReporter -->
<testsuite skipped="0" hostname="IN-GTC-1402" name="com.qlm.qa.testcases.AuditorAuditPageTest" tests="1" failures="0" timestamp="13 Feb 2020 09:37:22 GMT" time="222.176" errors="0">
  <testcase name="validateAuditorAuditResponseSubmitTest" time="222.176" classname="com.qlm.qa.testcases.AuditorAuditPageTest"/>
</testsuite> <!-- com.qlm.qa.testcases.AuditorAuditPageTest -->
