<?xml version="1.0" encoding="UTF-8"?>
<!-- Generated by org.testng.reporters.JUnitReportReporter -->
<testsuite skipped="0" hostname="IN-GTC-1402" name="com.qlm.qa.testcases.PPAPWorkflowTemplatePageTest" tests="4" failures="0" timestamp="18 Nov 2019 13:38:08 GMT" time="144.524" errors="0">
  <testcase name="ppapTemplatePageTitleTest" time="35.389" classname="com.qlm.qa.testcases.PPAPWorkflowTemplatePageTest"/>
  <testcase name="validateCreatePPAPTemplate" time="36.849" classname="com.qlm.qa.testcases.PPAPWorkflowTemplatePageTest"/>
  <testcase name="validateEditPPAPTemplate" time="36.338" classname="com.qlm.qa.testcases.PPAPWorkflowTemplatePageTest"/>
  <testcase name="validateViewTemplate" time="35.948" classname="com.qlm.qa.testcases.PPAPWorkflowTemplatePageTest"/>
</testsuite> <!-- com.qlm.qa.testcases.PPAPWorkflowTemplatePageTest -->
