<?xml version="1.0" encoding="UTF-8"?>
<!-- Generated by org.testng.reporters.JUnitReportReporter -->
<testsuite skipped="0" hostname="IN-GTC-1402" name="com.qlm.qa.testcases.PPAPWorkflowTemplatePageTest" tests="2" failures="0" timestamp="15 Nov 2019 14:41:15 GMT" time="62.371" errors="0">
  <testcase name="ppapTemplatePageTitleTest" time="28.962" classname="com.qlm.qa.testcases.PPAPWorkflowTemplatePageTest"/>
  <testcase name="validateCreatePPAPTemplate" time="33.409" classname="com.qlm.qa.testcases.PPAPWorkflowTemplatePageTest"/>
</testsuite> <!-- com.qlm.qa.testcases.PPAPWorkflowTemplatePageTest -->
