<?xml version="1.0" encoding="UTF-8"?>
<!-- Generated by org.testng.reporters.JUnitReportReporter -->
<testsuite skipped="0" hostname="IN-GTC-1402" name="com.qlm.qa.testcases.NonConformityPageTest" tests="2" failures="0" timestamp="28 Feb 2020 14:30:50 GMT" time="86.896" errors="0">
  <testcase name="validateNonConformityPageTitleTest" time="41.059" classname="com.qlm.qa.testcases.NonConformityPageTest"/>
  <testcase name="validateClickOnCreateNewNonConformityBtnTest" time="45.837" classname="com.qlm.qa.testcases.NonConformityPageTest"/>
</testsuite> <!-- com.qlm.qa.testcases.NonConformityPageTest -->
