<?xml version="1.0" encoding="UTF-8"?>
<!-- Generated by org.testng.reporters.JUnitReportReporter -->
<testsuite skipped="0" hostname="IN-GTC-1402" name="com.qlm.qa.testcases.AuditorAuditPageTest" tests="2" failures="0" timestamp="10 Jan 2020 10:14:46 GMT" time="145.391" errors="0">
  <testcase name="validateAuditorAuditPageTitleTest" time="40.155" classname="com.qlm.qa.testcases.AuditorAuditPageTest"/>
  <testcase name="validateauditorAuditResponseSubmitTest" time="105.236" classname="com.qlm.qa.testcases.AuditorAuditPageTest"/>
</testsuite> <!-- com.qlm.qa.testcases.AuditorAuditPageTest -->
