<?xml version="1.0" encoding="UTF-8"?>
<!-- Generated by org.testng.reporters.JUnitReportReporter -->
<testsuite skipped="0" hostname="IN-GTC-1402" name="com.qlm.qa.testcases.AuditTemplateCreatePageTest" tests="2" failures="0" timestamp="29 Jan 2020 09:48:42 GMT" time="223.580" errors="0">
  <testcase name="validateAuditTemplateCreatePageTitleTest" time="118.442" classname="com.qlm.qa.testcases.AuditTemplateCreatePageTest"/>
  <testcase name="createAuditTemplateTest" time="105.138" classname="com.qlm.qa.testcases.AuditTemplateCreatePageTest"/>
</testsuite> <!-- com.qlm.qa.testcases.AuditTemplateCreatePageTest -->
