<?xml version="1.0" encoding="UTF-8"?>
<!-- Generated by org.testng.reporters.JUnitReportReporter -->
<testsuite skipped="0" hostname="IN-GTC-1402" name="com.qlm.qa.testcases.AuditsPageTest" tests="2" failures="0" timestamp="27 Dec 2019 11:32:23 GMT" time="85.776" errors="0">
  <testcase name="validateAuditsPageTitleTest" time="40.411" classname="com.qlm.qa.testcases.AuditsPageTest"/>
  <testcase name="validateCreateNewAuditBtn" time="45.365" classname="com.qlm.qa.testcases.AuditsPageTest"/>
</testsuite> <!-- com.qlm.qa.testcases.AuditsPageTest -->
