<?xml version="1.0" encoding="UTF-8"?>
<!-- Generated by org.testng.reporters.JUnitReportReporter -->
<testsuite skipped="0" hostname="IN-GTC-1402" name="com.qlm.qa.testcases.ExternalDocumentUploadPageTest" tests="2" failures="0" timestamp="27 Feb 2020 11:26:12 GMT" time="96.414" errors="0">
  <testcase name="validateExternalDocumentUploadPageTitleTest" time="48.816" classname="com.qlm.qa.testcases.ExternalDocumentUploadPageTest"/>
  <testcase name="validateAuditorDocUploadTest" time="47.598" classname="com.qlm.qa.testcases.ExternalDocumentUploadPageTest"/>
</testsuite> <!-- com.qlm.qa.testcases.ExternalDocumentUploadPageTest -->
