<?xml version="1.0" encoding="UTF-8"?>
<!-- Generated by org.testng.reporters.JUnitReportReporter -->
<testsuite skipped="0" hostname="IN-GTC-1402" name="com.qlm.qa.testcases.PPAPWorkFlowRequestPageTest" tests="2" failures="0" timestamp="04 Dec 2019 15:06:17 GMT" time="81.648" errors="0">
  <testcase name="validatePPAPRequestPageTitleTest" time="41.024" classname="com.qlm.qa.testcases.PPAPWorkFlowRequestPageTest"/>
  <testcase name="validateCreateNewRequestButton" time="40.624" classname="com.qlm.qa.testcases.PPAPWorkFlowRequestPageTest"/>
</testsuite> <!-- com.qlm.qa.testcases.PPAPWorkFlowRequestPageTest -->
