<?xml version="1.0" encoding="UTF-8"?>
<!-- Generated by org.testng.reporters.JUnitReportReporter -->
<testsuite skipped="0" hostname="IN-GTC-1402" name="com.qlm.qa.testcases.EightDisciplinePageTest" tests="2" failures="0" timestamp="13 Mar 2020 11:02:25 GMT" time="98.726" errors="0">
  <testcase name="validateEightDisciplinePageTitleTest" time="48.121" classname="com.qlm.qa.testcases.EightDisciplinePageTest"/>
  <testcase name="validateClickOnCreate8DBtnTest" time="50.605" classname="com.qlm.qa.testcases.EightDisciplinePageTest"/>
</testsuite> <!-- com.qlm.qa.testcases.EightDisciplinePageTest -->
