<?xml version="1.0" encoding="UTF-8"?>
<!-- Generated by org.testng.reporters.JUnitReportReporter -->
<testsuite skipped="1" hostname="IN-GTC-1402" name="com.qlm.qa.testcases.LoginPageTest" tests="4" failures="0" timestamp="13 Nov 2019 14:31:39 GMT" time="56.569" errors="0">
  <testcase name="loginPageTitle" time="15.103" classname="com.qlm.qa.testcases.LoginPageTest"/>
  <testcase name="empowerlogotest" time="12.890" classname="com.qlm.qa.testcases.LoginPageTest"/>
  <testcase name="login" time="28.576" classname="com.qlm.qa.testcases.LoginPageTest"/>
  <testcase name="captchaTest" classname="com.qlm.qa.testcases.LoginPageTest">
    <skipped/>
  </testcase> <!-- captchaTest -->
</testsuite> <!-- com.qlm.qa.testcases.LoginPageTest -->
