<?xml version="1.0" encoding="UTF-8"?>
<!-- Generated by org.testng.reporters.JUnitReportReporter -->
<testsuite skipped="0" hostname="IN-GTC-1402" name="com.qlm.qa.testcases.AuditsPageTest" tests="2" failures="0" timestamp="11 Feb 2020 13:43:34 GMT" time="92.758" errors="0">
  <testcase name="validateAuditsPageTitleTest" time="37.280" classname="com.qlm.qa.testcases.AuditsPageTest"/>
  <testcase name="validateCreateNewAuditBtnTest" time="55.478" classname="com.qlm.qa.testcases.AuditsPageTest"/>
</testsuite> <!-- com.qlm.qa.testcases.AuditsPageTest -->
