<?xml version="1.0" encoding="UTF-8"?>
<!-- Generated by org.testng.reporters.JUnitReportReporter -->
<testsuite skipped="0" hostname="IN-GTC-1402" name="com.qlm.qa.testcases.SelfAuditPageTest" tests="2" failures="0" timestamp="11 Feb 2020 13:43:34 GMT" time="210.349" errors="0">
  <testcase name="validateSelfAuditPageTitleTest" time="44.550" classname="com.qlm.qa.testcases.SelfAuditPageTest"/>
  <testcase name="validateSelfAuditResponseSubmitTest" time="165.799" classname="com.qlm.qa.testcases.SelfAuditPageTest"/>
</testsuite> <!-- com.qlm.qa.testcases.SelfAuditPageTest -->
