<?xml version="1.0" encoding="UTF-8"?>
<!-- Generated by org.testng.reporters.JUnitReportReporter -->
<testsuite skipped="0" hostname="IN-GTC-1402" name="com.qlm.qa.testcases.APQPTemplateDetailPlanPageTest" tests="2" failures="0" timestamp="03 Dec 2019 14:19:01 GMT" time="79.879" errors="0">
  <testcase name="apqpTemplateDetailPlanPageTitleTest" time="35.584" classname="com.qlm.qa.testcases.APQPTemplateDetailPlanPageTest"/>
  <testcase name="createAPQPTemplateTest" time="44.295" classname="com.qlm.qa.testcases.APQPTemplateDetailPlanPageTest"/>
</testsuite> <!-- com.qlm.qa.testcases.APQPTemplateDetailPlanPageTest -->
