<?xml version="1.0" encoding="UTF-8"?>
<!-- Generated by org.testng.reporters.JUnitReportReporter -->
<testsuite skipped="0" hostname="IN-GTC-1402" name="com.qlm.qa.testcases.HomePageTest" tests="3" failures="0" timestamp="22 Nov 2019 14:15:35 GMT" time="84.059" errors="0">
  <testcase name="homePageTitleTest" time="24.944" classname="com.qlm.qa.testcases.HomePageTest"/>
  <testcase name="verifyUserNameTest" time="26.707" classname="com.qlm.qa.testcases.HomePageTest"/>
  <testcase name="clickOnPPAPTemplateTest" time="32.408" classname="com.qlm.qa.testcases.HomePageTest"/>
</testsuite> <!-- com.qlm.qa.testcases.HomePageTest -->
