<?xml version="1.0" encoding="UTF-8"?>
<!-- Generated by org.testng.reporters.JUnitReportReporter -->
<testsuite skipped="0" hostname="IN-GTC-1402" name="com.qlm.qa.testcases.AuditTemplateAmendPageTest" tests="2" failures="0" timestamp="24 Dec 2019 09:30:21 GMT" time="121.718" errors="0">
  <testcase name="validateAuditTemplateAmendPageTest" time="45.714" classname="com.qlm.qa.testcases.AuditTemplateAmendPageTest"/>
  <testcase name="validateSubmitAuditTemplateTest" time="76.004" classname="com.qlm.qa.testcases.AuditTemplateAmendPageTest"/>
</testsuite> <!-- com.qlm.qa.testcases.AuditTemplateAmendPageTest -->
