<?xml version="1.0" encoding="UTF-8"?>
<!-- Generated by org.testng.reporters.JUnitReportReporter -->
<testsuite skipped="2" hostname="IN-GTC-1402" name="com.qlm.qa.testcases.PPAPSingleTemplatePageTest" tests="4" failures="0" timestamp="20 Nov 2019 11:02:56 GMT" time="72.974" errors="0">
  <testcase name="validatePPAPTemplateElementEditTest" time="35.947" classname="com.qlm.qa.testcases.PPAPSingleTemplatePageTest"/>
  <testcase name="validateviewElementChecklistTest" time="37.027" classname="com.qlm.qa.testcases.PPAPSingleTemplatePageTest"/>
  <testcase name="validatePPAPTemplateElementCreate" classname="com.qlm.qa.testcases.PPAPSingleTemplatePageTest">
    <skipped/>
  </testcase> <!-- validatePPAPTemplateElementCreate -->
  <testcase name="validatePPAPSingleTemplatePageTitleTest" classname="com.qlm.qa.testcases.PPAPSingleTemplatePageTest">
    <skipped/>
  </testcase> <!-- validatePPAPSingleTemplatePageTitleTest -->
</testsuite> <!-- com.qlm.qa.testcases.PPAPSingleTemplatePageTest -->
