<?xml version="1.0" encoding="UTF-8"?>
<!-- Generated by org.testng.reporters.JUnitReportReporter -->
<testsuite skipped="0" hostname="IN-GTC-1402" name="com.qlm.qa.testcases.PPAPRequestCreatePageTest" tests="2" failures="0" timestamp="22 Nov 2019 07:18:17 GMT" time="138.736" errors="0">
  <testcase name="validatePPAPSingleTemplatePageTitleTest" time="37.692" classname="com.qlm.qa.testcases.PPAPRequestCreatePageTest"/>
  <testcase name="validatePPAPRequestCreate" time="101.044" classname="com.qlm.qa.testcases.PPAPRequestCreatePageTest"/>
</testsuite> <!-- com.qlm.qa.testcases.PPAPRequestCreatePageTest -->
