<?xml version="1.0" encoding="UTF-8"?>
<!-- Generated by org.testng.reporters.JUnitReportReporter -->
<testsuite skipped="0" hostname="IN-GTC-1402" name="com.qlm.qa.testcases.APQPProjectManagementPageTest" tests="2" failures="0" timestamp="05 Dec 2019 13:01:09 GMT" time="78.109" errors="0">
  <testcase name="apqpProjectManagementPageTitleTest" time="38.836" classname="com.qlm.qa.testcases.APQPProjectManagementPageTest"/>
  <testcase name="validateCreateNewAPQPProjectButton" time="39.273" classname="com.qlm.qa.testcases.APQPProjectManagementPageTest"/>
</testsuite> <!-- com.qlm.qa.testcases.APQPProjectManagementPageTest -->
