<?xml version="1.0" encoding="UTF-8"?>
<!-- Generated by org.testng.reporters.JUnitReportReporter -->
<testsuite skipped="0" hostname="IN-GTC-1402" name="com.qlm.qa.testcases.APQPProjectPlanPageTest" tests="1" failures="0" timestamp="10 Dec 2019 13:45:08 GMT" time="53.581" errors="0">
  <testcase name="validateSelectRoles" time="53.581" classname="com.qlm.qa.testcases.APQPProjectPlanPageTest"/>
</testsuite> <!-- com.qlm.qa.testcases.APQPProjectPlanPageTest -->
