<?xml version="1.0" encoding="UTF-8"?>
<!-- Generated by org.testng.reporters.JUnitReportReporter -->
<testsuite skipped="0" hostname="IN-GTC-1402" name="com.qlm.qa.testcases.LoginPageTest" tests="3" failures="0" timestamp="22 Nov 2019 14:15:35 GMT" time="44.418" errors="0">
  <testcase name="loginPageTitleTest" time="10.410" classname="com.qlm.qa.testcases.LoginPageTest"/>
  <testcase name="empowerLogoTest" time="8.926" classname="com.qlm.qa.testcases.LoginPageTest"/>
  <testcase name="loginTest" time="25.082" classname="com.qlm.qa.testcases.LoginPageTest"/>
</testsuite> <!-- com.qlm.qa.testcases.LoginPageTest -->
