<?xml version="1.0" encoding="UTF-8"?>
<!-- Generated by org.testng.reporters.JUnitReportReporter -->
<testsuite skipped="1" hostname="IN-GTC-1402" name="com.qlm.qa.testcases.LoginPageTest" tests="4" failures="0" timestamp="14 Nov 2019 13:18:09 GMT" time="44.865" errors="0">
  <testcase name="loginPageTitleTest" time="9.400" classname="com.qlm.qa.testcases.LoginPageTest"/>
  <testcase name="empowerLogoTest" time="10.759" classname="com.qlm.qa.testcases.LoginPageTest"/>
  <testcase name="loginTest" time="24.706" classname="com.qlm.qa.testcases.LoginPageTest"/>
  <testcase name="captchaTest" classname="com.qlm.qa.testcases.LoginPageTest">
    <skipped/>
  </testcase> <!-- captchaTest -->
</testsuite> <!-- com.qlm.qa.testcases.LoginPageTest -->
