<?xml version="1.0" encoding="UTF-8"?>
<!-- Generated by org.testng.reporters.JUnitReportReporter -->
<testsuite skipped="0" hostname="IN-GTC-1402" name="com.qlm.qa.testcases.PPAPSingleTemplatePageTest" tests="1" failures="0" timestamp="21 Nov 2019 10:00:43 GMT" time="41.599" errors="0">
  <testcase name="validatePPAPTemplateElementEditTest" time="41.599" classname="com.qlm.qa.testcases.PPAPSingleTemplatePageTest"/>
</testsuite> <!-- com.qlm.qa.testcases.PPAPSingleTemplatePageTest -->
