<?xml version="1.0" encoding="UTF-8"?>
<!-- Generated by org.testng.reporters.JUnitReportReporter -->
<testsuite skipped="0" hostname="IN-GTC-1402" name="com.qlm.qa.testcases.AuditTemplateIndexPageTest" tests="2" failures="0" timestamp="09 Apr 2020 07:03:39 GMT" time="88.474" errors="0">
  <testcase name="validateAuditTemplateIndexPageTitleTest" time="46.843" classname="com.qlm.qa.testcases.AuditTemplateIndexPageTest"/>
  <testcase name="validateCreateNewAuditTemplateBtnTest" time="41.631" classname="com.qlm.qa.testcases.AuditTemplateIndexPageTest"/>
</testsuite> <!-- com.qlm.qa.testcases.AuditTemplateIndexPageTest -->
