<?xml version="1.0" encoding="UTF-8"?>
<!-- Generated by org.testng.reporters.JUnitReportReporter -->
<testsuite skipped="0" hostname="IN-GTC-1402" name="com.qlm.qa.testcases.LoginPageTest" tests="3" failures="0" timestamp="08 Mar 2021 09:48:19 GMT" time="66.285" errors="0">
  <testcase name="loginPageTitleTest" time="15.979" classname="com.qlm.qa.testcases.LoginPageTest"/>
  <testcase name="empowerLogoTest" time="15.875" classname="com.qlm.qa.testcases.LoginPageTest"/>
  <testcase name="loginTest" time="34.431" classname="com.qlm.qa.testcases.LoginPageTest"/>
</testsuite> <!-- com.qlm.qa.testcases.LoginPageTest -->
