<?xml version="1.0" encoding="UTF-8"?>
<!-- Generated by org.testng.reporters.JUnitReportReporter -->
<testsuite skipped="0" hostname="IN-GTC-1402" name="com.qlm.qa.testcases.NonConformityCreatePageTest" tests="1" failures="0" timestamp="11 Mar 2020 07:43:51 GMT" time="101.016" errors="0">
  <testcase name="validateCreateNonConformityTest" time="101.016" classname="com.qlm.qa.testcases.NonConformityCreatePageTest"/>
</testsuite> <!-- com.qlm.qa.testcases.NonConformityCreatePageTest -->
