<?xml version="1.0" encoding="UTF-8"?>
<!-- Generated by org.testng.reporters.JUnitReportReporter -->
<testsuite skipped="0" hostname="IN-GTC-1402" name="com.qlm.qa.testcases.AuditCreatePageTest" tests="2" failures="0" timestamp="20 Feb 2020 11:22:35 GMT" time="158.144" errors="0">
  <testcase name="validatAuditCreatePageTitleTest" time="51.197" classname="com.qlm.qa.testcases.AuditCreatePageTest"/>
  <testcase name="validateAuditCreate" time="106.947" classname="com.qlm.qa.testcases.AuditCreatePageTest"/>
</testsuite> <!-- com.qlm.qa.testcases.AuditCreatePageTest -->
