<?xml version="1.0" encoding="UTF-8"?>
<!-- Generated by org.testng.reporters.JUnitReportReporter -->
<testsuite skipped="0" hostname="IN-GTC-1402" name="com.qlm.qa.testcases.APQPTemplateDetailPlanPageTest" tests="3" failures="0" timestamp="05 Dec 2019 10:50:29 GMT" time="235.377" errors="0">
  <testcase name="createAPQPTemplateTest" time="92.278" classname="com.qlm.qa.testcases.APQPTemplateDetailPlanPageTest"/>
  <testcase name="createAPQPTemplateTest" time="91.912" classname="com.qlm.qa.testcases.APQPTemplateDetailPlanPageTest"/>
  <testcase name="selectBOMRoleTest" time="51.187" classname="com.qlm.qa.testcases.APQPTemplateDetailPlanPageTest"/>
</testsuite> <!-- com.qlm.qa.testcases.APQPTemplateDetailPlanPageTest -->
