<?xml version="1.0" encoding="UTF-8"?>
<!-- Generated by org.testng.reporters.JUnitReportReporter -->
<testsuite skipped="0" hostname="IN-GTC-1402" name="com.qlm.qa.testcases.PPAPRequestCreatePageTest" tests="2" failures="0" timestamp="22 Nov 2019 11:23:33 GMT" time="139.432" errors="0">
  <testcase name="validatePPAPSingleTemplatePageTitleTest" time="36.667" classname="com.qlm.qa.testcases.PPAPRequestCreatePageTest"/>
  <testcase name="validatePPAPRequestCreate" time="102.765" classname="com.qlm.qa.testcases.PPAPRequestCreatePageTest"/>
</testsuite> <!-- com.qlm.qa.testcases.PPAPRequestCreatePageTest -->
