<?xml version="1.0" encoding="UTF-8"?>
<!-- Generated by org.testng.reporters.JUnitReportReporter -->
<testsuite skipped="0" hostname="IN-GTC-1402" name="com.qlm.qa.testcases.NonConformityViewPageTest" tests="1" failures="0" timestamp="12 Mar 2020 11:10:56 GMT" time="45.822" errors="0">
  <testcase name="validateAcknowledgeSortingTest" time="45.822" classname="com.qlm.qa.testcases.NonConformityViewPageTest"/>
</testsuite> <!-- com.qlm.qa.testcases.NonConformityViewPageTest -->
