<?xml version="1.0" encoding="UTF-8"?>
<!-- Generated by org.testng.reporters.JUnitReportReporter -->
<testsuite skipped="0" hostname="IN-GTC-1402" name="com.qlm.qa.testcases.PPAPWorkFlowRequestPageTest" tests="2" failures="0" timestamp="20 Nov 2019 13:20:27 GMT" time="69.203" errors="0">
  <testcase name="validatePPAPRequestPageTitleTest" time="30.820" classname="com.qlm.qa.testcases.PPAPWorkFlowRequestPageTest"/>
  <testcase name="validateCreateNewRequestButton" time="38.383" classname="com.qlm.qa.testcases.PPAPWorkFlowRequestPageTest"/>
</testsuite> <!-- com.qlm.qa.testcases.PPAPWorkFlowRequestPageTest -->
