<?xml version="1.0" encoding="UTF-8"?>
<!-- Generated by org.testng.reporters.JUnitReportReporter -->
<testsuite skipped="0" hostname="IN-GTC-1402" name="com.qlm.qa.testcases.APQPTemplateManagementPageTest" tests="1" failures="0" timestamp="28 Nov 2019 11:20:03 GMT" time="34.604" errors="0">
  <testcase name="validateCreateAPQPTemplate" time="34.604" classname="com.qlm.qa.testcases.APQPTemplateManagementPageTest"/>
</testsuite> <!-- com.qlm.qa.testcases.APQPTemplateManagementPageTest -->
