<?xml version="1.0" encoding="UTF-8"?>
<!-- Generated by org.testng.reporters.JUnitReportReporter -->
<testsuite skipped="0" hostname="IN-GTC-1402" name="com.qlm.qa.testcases.LoginPageTest" tests="1" failures="0" timestamp="13 Nov 2019 12:46:29 GMT" time="12.225" errors="0">
  <testcase name="loginPageTitle" time="12.225" classname="com.qlm.qa.testcases.LoginPageTest"/>
</testsuite> <!-- com.qlm.qa.testcases.LoginPageTest -->
