<?xml version="1.0" encoding="UTF-8"?>
<!-- Generated by org.testng.reporters.JUnitReportReporter -->
<testsuite skipped="0" hostname="IN-GTC-1402" name="com.qlm.qa.testcases.LoginPageTest" tests="3" failures="0" timestamp="04 Dec 2019 14:42:44 GMT" time="53.503" errors="0">
  <testcase name="loginPageTitleTest" time="9.944" classname="com.qlm.qa.testcases.LoginPageTest"/>
  <testcase name="empowerLogoTest" time="12.057" classname="com.qlm.qa.testcases.LoginPageTest"/>
  <testcase name="loginTest" time="31.502" classname="com.qlm.qa.testcases.LoginPageTest"/>
</testsuite> <!-- com.qlm.qa.testcases.LoginPageTest -->
