<?xml version="1.0" encoding="UTF-8"?>
<!-- Generated by org.testng.reporters.JUnitReportReporter -->
<testsuite skipped="0" hostname="IN-GTC-1402" name="com.qlm.qa.testcases.AuditTemplateIndexPageTest" tests="2" failures="0" timestamp="29 Jan 2020 10:45:12 GMT" time="119.172" errors="0">
  <testcase name="validateAuditTemplateIndexPageTitleTest" time="60.159" classname="com.qlm.qa.testcases.AuditTemplateIndexPageTest"/>
  <testcase name="validateCreateNewAuditTemplateBtnTest" time="59.013" classname="com.qlm.qa.testcases.AuditTemplateIndexPageTest"/>
</testsuite> <!-- com.qlm.qa.testcases.AuditTemplateIndexPageTest -->
