<?xml version="1.0" encoding="UTF-8"?>
<!-- Generated by org.testng.reporters.JUnitReportReporter -->
<testsuite skipped="0" hostname="IN-GTC-1402" name="com.qlm.qa.testcases.NonConformityPageTest" tests="2" failures="0" timestamp="02 Mar 2020 16:25:36 GMT" time="107.881" errors="0">
  <testcase name="validateNonConformityPageTitleTest" time="54.705" classname="com.qlm.qa.testcases.NonConformityPageTest"/>
  <testcase name="validateClickOnCreateNewNonConformityBtnTest" time="53.176" classname="com.qlm.qa.testcases.NonConformityPageTest"/>
</testsuite> <!-- com.qlm.qa.testcases.NonConformityPageTest -->
