<?xml version="1.0" encoding="UTF-8"?>
<!-- Generated by org.testng.reporters.JUnitReportReporter -->
<testsuite skipped="0" hostname="IN-GTC-1402" name="com.qlm.qa.testcases.HomePageTest" tests="3" failures="0" timestamp="04 Dec 2019 14:35:44 GMT" time="102.913" errors="0">
  <testcase name="homePageTitleTest" time="31.192" classname="com.qlm.qa.testcases.HomePageTest"/>
  <testcase name="verifyUserNameTest" time="36.489" classname="com.qlm.qa.testcases.HomePageTest"/>
  <testcase name="clickOnPPAPTemplateTest" time="35.232" classname="com.qlm.qa.testcases.HomePageTest"/>
</testsuite> <!-- com.qlm.qa.testcases.HomePageTest -->
