<?xml version="1.0" encoding="UTF-8"?>
<!-- Generated by org.testng.reporters.JUnitReportReporter -->
<testsuite skipped="0" hostname="IN-GTC-1402" name="com.qlm.qa.testcases.AuditTemplateCreatePageTest" tests="2" failures="0" timestamp="19 Dec 2019 15:15:19 GMT" time="110.431" errors="0">
  <testcase name="validateAuditTemplateCreatePageTitleTest" time="44.711" classname="com.qlm.qa.testcases.AuditTemplateCreatePageTest"/>
  <testcase name="createAuditTemplate" time="65.720" classname="com.qlm.qa.testcases.AuditTemplateCreatePageTest"/>
</testsuite> <!-- com.qlm.qa.testcases.AuditTemplateCreatePageTest -->
