<?xml version="1.0" encoding="UTF-8"?>
<!-- Generated by org.testng.reporters.JUnitReportReporter -->
<testsuite skipped="0" hostname="IN-GTC-1402" name="com.qlm.qa.testcases.AuditTemplateAmendPageTest" tests="2" failures="0" timestamp="29 Jan 2020 10:48:22 GMT" time="132.416" errors="0">
  <testcase name="validateAuditTemplateAmendPageTitleTest" time="68.262" classname="com.qlm.qa.testcases.AuditTemplateAmendPageTest"/>
  <testcase name="validateSubmitAuditTemplateTest" time="64.154" classname="com.qlm.qa.testcases.AuditTemplateAmendPageTest"/>
</testsuite> <!-- com.qlm.qa.testcases.AuditTemplateAmendPageTest -->
